Frontend/Android/FoodBuddy/FoodBuddiez2/app/build/intermediates/manifest_merge_blame_file/debug/manifest-merger-blame-debug-report.txt
1<?xml version="1.0" encoding="utf-8"?>
2<manifest xmlns:android="http://schemas.android.com/apk/res/android"
3    package="com.example.foodbuddiez"
4    android:versionCode="1"
5    android:versionName="1.0" >
6
7    <uses-sdk
8        android:minSdkVersion="21"
8-->src\main\AndroidManifest.xml
9        android:targetSdkVersion="29" />
9-->src\main\AndroidManifest.xml
10
11    <uses-permission android:name="android.permission.INTERNET" />
11-->src\main\AndroidManifest.xml:6:5-67
11-->src\main\AndroidManifest.xml:6:22-64
12    <uses-permission android:name="android.permission.CAMERA" />
12-->src\main\AndroidManifest.xml:7:5-65
12-->src\main\AndroidManifest.xml:7:22-62
13
14    <application
14-->src\main\AndroidManifest.xml:9:5-99:19
15        android:allowBackup="true"
15-->src\main\AndroidManifest.xml:10:9-35
16        android:appComponentFactory="androidx.core.app.CoreComponentFactory"
16-->[androidx.core:core:1.1.0] AndroidManifest.xml:24:18-86
17        android:debuggable="true"
18        android:icon="@mipmap/ic_launcher"
18-->src\main\AndroidManifest.xml:11:9-43
19        android:label="@string/app_name"
19-->src\main\AndroidManifest.xml:12:9-41
20        android:roundIcon="@mipmap/ic_launcher_round"
20-->src\main\AndroidManifest.xml:13:9-54
21        android:supportsRtl="true"
21-->src\main\AndroidManifest.xml:14:9-35
22        android:testOnly="true"
23        android:theme="@style/AppTheme"
23-->src\main\AndroidManifest.xml:15:9-40
24        android:usesCleartextTraffic="true" >
24-->src\main\AndroidManifest.xml:17:9-44
25        <activity android:name="com.example.foodbuddiez.MainSplash" >
25-->src\main\AndroidManifest.xml:18:9-24:20
25-->src\main\AndroidManifest.xml:18:19-45
26            <intent-filter>
26-->src\main\AndroidManifest.xml:19:13-23:29
27                <action android:name="android.intent.action.MAIN" />
27-->src\main\AndroidManifest.xml:20:17-69
27-->src\main\AndroidManifest.xml:20:25-66
28
29                <category android:name="android.intent.category.LAUNCHER" />
29-->src\main\AndroidManifest.xml:22:17-77
29-->src\main\AndroidManifest.xml:22:27-74
30            </intent-filter>
31        </activity>
32        <activity android:name="com.example.foodbuddiez.LoginPage" >
32-->src\main\AndroidManifest.xml:27:9-33:20
32-->src\main\AndroidManifest.xml:27:19-44
33            <intent-filter>
33-->src\main\AndroidManifest.xml:19:13-23:29
34                <action android:name="android.intent.action.MAIN" />
34-->src\main\AndroidManifest.xml:20:17-69
34-->src\main\AndroidManifest.xml:20:25-66
35
36                <category android:name="android.intent.category.LAUNCHER" />
36-->src\main\AndroidManifest.xml:22:17-77
36-->src\main\AndroidManifest.xml:22:27-74
37            </intent-filter>
38        </activity>
39        <activity android:name="com.example.foodbuddiez.SignupPage" >
39-->src\main\AndroidManifest.xml:35:9-41:20
39-->src\main\AndroidManifest.xml:35:19-45
40            <intent-filter>
40-->src\main\AndroidManifest.xml:19:13-23:29
41                <action android:name="android.intent.action.MAIN" />
41-->src\main\AndroidManifest.xml:20:17-69
41-->src\main\AndroidManifest.xml:20:25-66
42
43                <category android:name="android.intent.category.LAUNCHER" />
43-->src\main\AndroidManifest.xml:22:17-77
43-->src\main\AndroidManifest.xml:22:27-74
44            </intent-filter>
45        </activity>
46        <activity android:name="com.example.foodbuddiez.UserConfig" >
46-->src\main\AndroidManifest.xml:43:9-49:20
46-->src\main\AndroidManifest.xml:43:19-45
47            <intent-filter>
47-->src\main\AndroidManifest.xml:19:13-23:29
48                <action android:name="android.intent.action.MAIN" />
48-->src\main\AndroidManifest.xml:20:17-69
48-->src\main\AndroidManifest.xml:20:25-66
49
50                <category android:name="android.intent.category.LAUNCHER" />
50-->src\main\AndroidManifest.xml:22:17-77
50-->src\main\AndroidManifest.xml:22:27-74
51            </intent-filter>
52        </activity>
53        <activity android:name="com.example.foodbuddiez.AllergyCheck" >
53-->src\main\AndroidManifest.xml:51:9-57:20
53-->src\main\AndroidManifest.xml:51:19-47
54            <intent-filter>
54-->src\main\AndroidManifest.xml:19:13-23:29
55                <action android:name="android.intent.action.MAIN" />
55-->src\main\AndroidManifest.xml:20:17-69
55-->src\main\AndroidManifest.xml:20:25-66
56
57                <category android:name="android.intent.category.LAUNCHER" />
57-->src\main\AndroidManifest.xml:22:17-77
57-->src\main\AndroidManifest.xml:22:27-74
58            </intent-filter>
59        </activity>
60        <activity android:name="com.example.foodbuddiez.Homescreen" >
60-->src\main\AndroidManifest.xml:59:9-65:20
60-->src\main\AndroidManifest.xml:59:19-45
61            <intent-filter>
61-->src\main\AndroidManifest.xml:19:13-23:29
62                <action android:name="android.intent.action.MAIN" />
62-->src\main\AndroidManifest.xml:20:17-69
62-->src\main\AndroidManifest.xml:20:25-66
63
64                <category android:name="android.intent.category.LAUNCHER" />
64-->src\main\AndroidManifest.xml:22:17-77
64-->src\main\AndroidManifest.xml:22:27-74
65            </intent-filter>
66        </activity>
67        <activity android:name="com.example.foodbuddiez.HomescreenCalendar" >
67-->src\main\AndroidManifest.xml:67:9-73:20
67-->src\main\AndroidManifest.xml:67:19-53
68            <intent-filter>
68-->src\main\AndroidManifest.xml:19:13-23:29
69                <action android:name="android.intent.action.MAIN" />
69-->src\main\AndroidManifest.xml:20:17-69
69-->src\main\AndroidManifest.xml:20:25-66
70
71                <category android:name="android.intent.category.LAUNCHER" />
71-->src\main\AndroidManifest.xml:22:17-77
71-->src\main\AndroidManifest.xml:22:27-74
72            </intent-filter>
73        </activity>
74        <activity android:name="com.example.foodbuddiez.HomescreenFriends" >
74-->src\main\AndroidManifest.xml:75:9-81:20
74-->src\main\AndroidManifest.xml:75:19-52
75            <intent-filter>
75-->src\main\AndroidManifest.xml:19:13-23:29
76                <action android:name="android.intent.action.MAIN" />
76-->src\main\AndroidManifest.xml:20:17-69
76-->src\main\AndroidManifest.xml:20:25-66
77
78                <category android:name="android.intent.category.LAUNCHER" />
78-->src\main\AndroidManifest.xml:22:17-77
78-->src\main\AndroidManifest.xml:22:27-74
79            </intent-filter>
80        </activity>
81        <activity android:name="com.example.foodbuddiez.HomescreenSettings" >
81-->src\main\AndroidManifest.xml:83:9-89:20
81-->src\main\AndroidManifest.xml:83:19-53
82            <intent-filter>
82-->src\main\AndroidManifest.xml:19:13-23:29
83                <action android:name="android.intent.action.MAIN" />
83-->src\main\AndroidManifest.xml:20:17-69
83-->src\main\AndroidManifest.xml:20:25-66
84
85                <category android:name="android.intent.category.LAUNCHER" />
85-->src\main\AndroidManifest.xml:22:17-77
85-->src\main\AndroidManifest.xml:22:27-74
86            </intent-filter>
87        </activity>
88        <activity android:name="com.example.foodbuddiez.ManualEntry" >
88-->src\main\AndroidManifest.xml:91:9-97:20
88-->src\main\AndroidManifest.xml:91:19-46
89            <intent-filter>
89-->src\main\AndroidManifest.xml:19:13-23:29
90                <action android:name="android.intent.action.MAIN" />
90-->src\main\AndroidManifest.xml:20:17-69
90-->src\main\AndroidManifest.xml:20:25-66
91
92                <category android:name="android.intent.category.LAUNCHER" />
92-->src\main\AndroidManifest.xml:22:17-77
92-->src\main\AndroidManifest.xml:22:27-74
93            </intent-filter>
94        </activity>
95    </application>
96
97</manifest>